This is XeTeX, Version 3.14159265-2.6-0.99996 (TeX Live 2016) (preloaded format=xelatex 2016.5.22)  8 APR 2019 10:38
entering extended mode
 restricted \write18 enabled.
 file:line:error style messages enabled.
 %&-line parsing enabled.
**dissertation.tex
(./dissertation.tex
LaTeX2e <2016/03/31>
Babel <3.9r> and hyphenation patterns for 83 language(s) loaded.
(./Dissertate.cls
Document Class: Dissertate 2014/01/24 v1.0 Dissertate Class
(/usr/local/texlive/2016/texmf-dist/tex/latex/base/book.cls
Document Class: book 2014/09/29 v1.4h Standard LaTeX document class
(/usr/local/texlive/2016/texmf-dist/tex/latex/base/bk12.clo
File: bk12.clo 2014/09/29 v1.4h Standard LaTeX file (size option)
)
\c@part=\count79
\c@chapter=\count80
\c@section=\count81
\c@subsection=\count82
\c@subsubsection=\count83
\c@paragraph=\count84
\c@subparagraph=\count85
\c@figure=\count86
\c@table=\count87
\abovecaptionskip=\skip41
\belowcaptionskip=\skip42
\bibindent=\dimen102
)
(/usr/local/texlive/2016/texmf-dist/tex/latex/graphics/color.sty
Package: color 2016/05/09 v1.1c Standard LaTeX Color (DPC)

(/usr/local/texlive/2016/texmf-dist/tex/latex/graphics-cfg/color.cfg
File: color.cfg 2016/01/02 v1.6 sample color configuration
)
Package color Info: Driver file: xetex.def on input line 144.

(/usr/local/texlive/2016/texmf-dist/tex/xelatex/xetex-def/xetex.def
File: xetex.def 2016/04/06 v4.08 LaTeX color/graphics driver for XeTeX (TeX Liv
e/RRM/JK)

(/usr/local/texlive/2016/texmf-dist/tex/generic/oberdiek/infwarerr.sty
Package: infwarerr 2016/05/16 v1.4 Providing info/warning/error messages (HO)
)
(/usr/local/texlive/2016/texmf-dist/tex/generic/oberdiek/ltxcmds.sty
Package: ltxcmds 2016/05/16 v1.23 LaTeX kernel commands for general use (HO)
)))
(/usr/local/texlive/2016/texmf-dist/tex/latex/hyperref/hyperref.sty
Package: hyperref 2016/05/05 v6.83n Hypertext links for LaTeX

(/usr/local/texlive/2016/texmf-dist/tex/generic/oberdiek/hobsub-hyperref.sty
Package: hobsub-hyperref 2016/05/16 v1.14 Bundle oberdiek, subset hyperref (HO)


(/usr/local/texlive/2016/texmf-dist/tex/generic/oberdiek/hobsub-generic.sty
Package: hobsub-generic 2016/05/16 v1.14 Bundle oberdiek, subset generic (HO)
Package: hobsub 2016/05/16 v1.14 Construct package bundles (HO)
Package hobsub Info: Skipping package `infwarerr' (already loaded).
Package hobsub Info: Skipping package `ltxcmds' (already loaded).
Package: ifluatex 2016/05/16 v1.4 Provides the ifluatex switch (HO)
Package ifluatex Info: LuaTeX not detected.
Package: ifvtex 2016/05/16 v1.6 Detect VTeX and its facilities (HO)
Package ifvtex Info: VTeX not detected.
Package: intcalc 2016/05/16 v1.2 Expandable calculations with integers (HO)
Package: ifpdf 2016/05/14 v3.1 Provides the ifpdf switch
Package: etexcmds 2016/05/16 v1.6 Avoid name clashes with e-TeX commands (HO)
Package etexcmds Info: Could not find \expanded.
(etexcmds)             That can mean that you are not using pdfTeX 1.50 or
(etexcmds)             that some package has redefined \expanded.
(etexcmds)             In the latter case, load this package earlier.
Package: kvsetkeys 2016/05/16 v1.17 Key value parser (HO)
Package: kvdefinekeys 2016/05/16 v1.4 Define keys (HO)
Package: pdftexcmds 2016/05/10 v0.21 Utility functions of pdfTeX for LuaTeX (HO
)
Package pdftexcmds Info: LuaTeX not detected.
Package pdftexcmds Info: pdfTeX >= 1.30 not detected.
Package pdftexcmds Info: \pdf@primitive is available.
Package pdftexcmds Info: \pdf@ifprimitive is available.
Package pdftexcmds Info: \pdfdraftmode not found.
Package: pdfescape 2016/05/16 v1.14 Implements pdfTeX's escape features (HO)
Package: bigintcalc 2016/05/16 v1.4 Expandable calculations on big integers (HO
)
Package: bitset 2016/05/16 v1.2 Handle bit-vector datatype (HO)
Package: uniquecounter 2016/05/16 v1.3 Provide unlimited unique counter (HO)
)
Package hobsub Info: Skipping package `hobsub' (already loaded).
Package: letltxmacro 2016/05/16 v1.5 Let assignment for LaTeX macros (HO)
Package: hopatch 2016/05/16 v1.3 Wrapper for package hooks (HO)
Package: xcolor-patch 2016/05/16 xcolor patch
Package: atveryend 2016/05/16 v1.9 Hooks at the very end of document (HO)
Package atveryend Info: \enddocument detected (standard20110627).
Package: atbegshi 2016/05/16 v1.17 At begin shipout hook (HO)
Package: refcount 2016/05/16 v3.5 Data extraction from label references (HO)
Package: hycolor 2016/05/16 v1.8 Color options for hyperref/bookmark (HO)
)
(/usr/local/texlive/2016/texmf-dist/tex/latex/graphics/keyval.sty
Package: keyval 2014/10/28 v1.15 key=value parser (DPC)
\KV@toks@=\toks14
)
(/usr/local/texlive/2016/texmf-dist/tex/generic/ifxetex/ifxetex.sty
Package: ifxetex 2010/09/12 v0.6 Provides ifxetex conditional
)
(/usr/local/texlive/2016/texmf-dist/tex/latex/oberdiek/auxhook.sty
Package: auxhook 2016/05/16 v1.4 Hooks for auxiliary files (HO)
)
(/usr/local/texlive/2016/texmf-dist/tex/latex/oberdiek/kvoptions.sty
Package: kvoptions 2016/05/16 v3.12 Key value format for package options (HO)
)
\@linkdim=\dimen103
\Hy@linkcounter=\count88
\Hy@pagecounter=\count89

(/usr/local/texlive/2016/texmf-dist/tex/latex/hyperref/pd1enc.def
File: pd1enc.def 2016/05/05 v6.83n Hyperref: PDFDocEncoding definition (HO)
)
\Hy@SavedSpaceFactor=\count90

(/usr/local/texlive/2016/texmf-dist/tex/latex/latexconfig/hyperref.cfg
File: hyperref.cfg 2002/06/06 v1.2 hyperref configuration of TeXLive
)
Package hyperref Info: Hyper figures OFF on input line 4446.
Package hyperref Info: Link nesting OFF on input line 4451.
Package hyperref Info: Hyper index ON on input line 4454.
Package hyperref Info: Plain pages OFF on input line 4461.
Package hyperref Info: Backreferencing OFF on input line 4466.
Package hyperref Info: Implicit mode ON; LaTeX internals redefined.
Package hyperref Info: Bookmarks ON on input line 4691.
\c@Hy@tempcnt=\count91

(/usr/local/texlive/2016/texmf-dist/tex/latex/url/url.sty
\Urlmuskip=\muskip10
Package: url 2013/09/16  ver 3.4  Verb mode for urls, etc.
)
LaTeX Info: Redefining \url on input line 5044.
\XeTeXLinkMargin=\dimen104
\Fld@menulength=\count92
\Field@Width=\dimen105
\Fld@charsize=\dimen106
Package hyperref Info: Hyper figures OFF on input line 6298.
Package hyperref Info: Link nesting OFF on input line 6303.
Package hyperref Info: Hyper index ON on input line 6306.
Package hyperref Info: backreferencing OFF on input line 6313.
Package hyperref Info: Link coloring OFF on input line 6318.
Package hyperref Info: Link coloring with OCG OFF on input line 6323.
Package hyperref Info: PDF/A mode OFF on input line 6328.
LaTeX Info: Redefining \ref on input line 6368.
LaTeX Info: Redefining \pageref on input line 6372.
\Hy@abspage=\count93
\c@Item=\count94
\c@Hfootnote=\count95
)

Package hyperref Message: Driver (autodetected): hxetex.

(/usr/local/texlive/2016/texmf-dist/tex/latex/hyperref/hxetex.def
File: hxetex.def 2016/05/05 v6.83n Hyperref driver for XeTeX

(/usr/local/texlive/2016/texmf-dist/tex/latex/hyperref/puenc.def
File: puenc.def 2016/05/05 v6.83n Hyperref: PDF Unicode definition (HO)
)
(/usr/local/texlive/2016/texmf-dist/tex/generic/oberdiek/stringenc.sty
Package: stringenc 2016/05/16 v1.11 Convert strings between diff. encodings (HO
)
)
\pdfm@box=\box26
\c@Hy@AnnotLevel=\count96
\HyField@AnnotCount=\count97
\Fld@listcount=\count98
\c@bookmark@seq@number=\count99

(/usr/local/texlive/2016/texmf-dist/tex/latex/oberdiek/rerunfilecheck.sty
Package: rerunfilecheck 2016/05/16 v1.8 Rerun checks for auxiliary files (HO)
Package rerunfilecheck Info: Feature \pdfmdfivesum is not available
(rerunfilecheck)             (e.g. pdfTeX or LuaTeX with package `pdftexcmds').

(rerunfilecheck)             Therefore file contents cannot be checked efficien
tly
(rerunfilecheck)             and the loading of the package is aborted.
)
\Hy@SectionHShift=\skip43
)
(/usr/local/texlive/2016/texmf-dist/tex/latex/titlesec/titlesec.sty
Package: titlesec 2016/03/21 v2.10.2 Sectioning titles
\ttl@box=\box27
\beforetitleunit=\skip44
\aftertitleunit=\skip45
\ttl@plus=\dimen107
\ttl@minus=\dimen108
\ttl@toksa=\toks15
\titlewidth=\dimen109
\titlewidthlast=\dimen110
\titlewidthfirst=\dimen111
)
(/usr/local/texlive/2016/texmf-dist/tex/latex/titling/titling.sty
Package: titling 2009/09/04 v2.1d maketitle typesetting
\thanksmarkwidth=\skip46
\thanksmargin=\skip47
\droptitle=\skip48
)
(/usr/local/texlive/2016/texmf-dist/tex/latex/quotchap/quotchap.sty
Package: quotchap 2012/10/20 v1.1 Decorative Chapter Headings with Quotes
\@quotebox=\box28
)
(./packages/NYU/style.sty
Package: packages/NYU/style 
Package color Info: Redefining color chaptergrey on input line 13.
Package hyperref Info: Option `colorlinks' set `true' on input line 22.
)
(/usr/local/texlive/2016/texmf-dist/tex/latex/graphics/graphicx.sty
Package: graphicx 2014/10/28 v1.0g Enhanced LaTeX Graphics (DPC,SPQR)

(/usr/local/texlive/2016/texmf-dist/tex/latex/graphics/graphics.sty
Package: graphics 2016/05/09 v1.0r Standard LaTeX Graphics (DPC,SPQR)

(/usr/local/texlive/2016/texmf-dist/tex/latex/graphics/trig.sty
Package: trig 2016/01/03 v1.10 sin cos tan (DPC)
)
(/usr/local/texlive/2016/texmf-dist/tex/latex/graphics-cfg/graphics.cfg
File: graphics.cfg 2016/01/02 v1.10 sample graphics configuration
)
Package graphics Info: Driver file: xetex.def on input line 96.
)
\Gin@req@height=\dimen112
\Gin@req@width=\dimen113
)
(/usr/local/texlive/2016/texmf-dist/tex/latex/amsfonts/amssymb.sty
Package: amssymb 2013/01/14 v3.01 AMS font symbols

(/usr/local/texlive/2016/texmf-dist/tex/latex/amsfonts/amsfonts.sty
Package: amsfonts 2013/01/14 v3.01 Basic AMSFonts support
\@emptytoks=\toks16
\symAMSa=\mathgroup4
\symAMSb=\mathgroup5
LaTeX Font Info:    Overwriting math alphabet `\mathfrak' in version `bold'
(Font)                  U/euf/m/n --> U/euf/b/n on input line 106.
))
(/usr/local/texlive/2016/texmf-dist/tex/latex/amsmath/amsmath.sty
Package: amsmath 2016/03/10 v2.15b AMS math features
\@mathmargin=\skip49

For additional information on amsmath, use the `?' option.
(/usr/local/texlive/2016/texmf-dist/tex/latex/amsmath/amstext.sty
Package: amstext 2000/06/29 v2.01 AMS text

(/usr/local/texlive/2016/texmf-dist/tex/latex/amsmath/amsgen.sty
File: amsgen.sty 1999/11/30 v2.0 generic functions
\@emptytoks=\toks17
\ex@=\dimen114
))
(/usr/local/texlive/2016/texmf-dist/tex/latex/amsmath/amsbsy.sty
Package: amsbsy 1999/11/29 v1.2d Bold Symbols
\pmbraise@=\dimen115
)
(/usr/local/texlive/2016/texmf-dist/tex/latex/amsmath/amsopn.sty
Package: amsopn 2016/03/08 v2.02 operator names
)
\inf@bad=\count100
LaTeX Info: Redefining \frac on input line 199.
\uproot@=\count101
\leftroot@=\count102
LaTeX Info: Redefining \overline on input line 297.
\classnum@=\count103
\DOTSCASE@=\count104
LaTeX Info: Redefining \ldots on input line 394.
LaTeX Info: Redefining \dots on input line 397.
LaTeX Info: Redefining \cdots on input line 518.
\Mathstrutbox@=\box29
\strutbox@=\box30
\big@size=\dimen116
LaTeX Font Info:    Redeclaring font encoding OML on input line 634.
LaTeX Font Info:    Redeclaring font encoding OMS on input line 635.
\macc@depth=\count105
\c@MaxMatrixCols=\count106
\dotsspace@=\muskip11
\c@parentequation=\count107
\dspbrk@lvl=\count108
\tag@help=\toks18
\row@=\count109
\column@=\count110
\maxfields@=\count111
\andhelp@=\toks19
\eqnshift@=\dimen117
\alignsep@=\dimen118
\tagshift@=\dimen119
\tagwidth@=\dimen120
\totwidth@=\dimen121
\lineht@=\dimen122
\@envbody=\toks20
\multlinegap=\skip50
\multlinetaggap=\skip51
\mathdisplay@stack=\toks21
LaTeX Info: Redefining \[ on input line 2739.
LaTeX Info: Redefining \] on input line 2740.
)
(/usr/local/texlive/2016/texmf-dist/tex/latex/lettrine/lettrine.sty
File: lettrine.sty 2015/08/31 v1.9 (Daniel Flipo)
\c@DefaultLines=\count112
\c@DefaultDepth=\count113
\DefaultFindent=\dimen123
\DefaultNindent=\dimen124
\DefaultSlope=\dimen125
\DiscardVskip=\dimen126
\L@lbox=\box31
\L@tbox=\box32
\c@L@lines=\count114
\c@L@depth=\count115
\L@Pindent=\dimen127
\L@Findent=\dimen128
\L@Nindent=\dimen129
\L@lraise=\dimen130
\L@first=\dimen131
\L@next=\dimen132
\L@slope=\dimen133
\L@height=\dimen134
\L@novskip=\dimen135
\LettrineWidth=\dimen136
\LettrineHeight=\dimen137
\LettrineDepth=\dimen138

Loading lettrine.cfg
(/usr/local/texlive/2016/texmf-dist/tex/latex/lettrine/lettrine.cfg))
(/usr/local/texlive/2016/texmf-dist/tex/latex/natbib/natbib.sty
Package: natbib 2010/09/13 8.31b (PWD, AO)
\bibhang=\skip52
\bibsep=\skip53
LaTeX Info: Redefining \cite on input line 694.
\c@NAT@ctr=\count116
)
(/usr/local/texlive/2016/texmf-dist/tex/latex/geometry/geometry.sty
Package: geometry 2010/09/12 v5.6 Page Geometry
\Gm@cnth=\count117
\Gm@cntv=\count118
\c@Gm@tempcnt=\count119
\Gm@bindingoffset=\dimen139
\Gm@wd@mp=\dimen140
\Gm@odd@mp=\dimen141
\Gm@even@mp=\dimen142
\Gm@layoutwidth=\dimen143
\Gm@layoutheight=\dimen144
\Gm@layouthoffset=\dimen145
\Gm@layoutvoffset=\dimen146
\Gm@dimlist=\toks22
)
(/usr/local/texlive/2016/texmf-dist/tex/latex/fancyhdr/fancyhdr.sty
\fancy@headwidth=\skip54
\f@ncyO@elh=\skip55
\f@ncyO@erh=\skip56
\f@ncyO@olh=\skip57
\f@ncyO@orh=\skip58
\f@ncyO@elf=\skip59
\f@ncyO@erf=\skip60
\f@ncyO@olf=\skip61
\f@ncyO@orf=\skip62
)
(/usr/local/texlive/2016/texmf-dist/tex/latex/appendix/appendix.sty
Package: appendix 2009/09/02 v1.2b extra appendix facilities
\c@@pps=\count120
\c@@ppsavesec=\count121
\c@@ppsaveapp=\count122
)
(/usr/local/texlive/2016/texmf-dist/tex/latex/setspace/setspace.sty
Package: setspace 2011/12/19 v6.7a set line spacing
)
(/usr/local/texlive/2016/texmf-dist/tex/latex/booktabs/booktabs.sty
Package: booktabs 2016/04/27 v1.618033 publication quality tables
\heavyrulewidth=\dimen147
\lightrulewidth=\dimen148
\cmidrulewidth=\dimen149
\belowrulesep=\dimen150
\belowbottomsep=\dimen151
\aboverulesep=\dimen152
\abovetopsep=\dimen153
\cmidrulesep=\dimen154
\cmidrulekern=\dimen155
\defaultaddspace=\dimen156
\@cmidla=\count123
\@cmidlb=\count124
\@aboverulesep=\dimen157
\@belowrulesep=\dimen158
\@thisruleclass=\count125
\@lastruleclass=\count126
\@thisrulewidth=\dimen159
)
(/usr/local/texlive/2016/texmf-dist/tex/latex/units/units.sty
Package: units 1998/08/04 v0.9b Typesetting units

(/usr/local/texlive/2016/texmf-dist/tex/latex/base/ifthen.sty
Package: ifthen 2014/09/29 v1.1c Standard LaTeX ifthen package (DPC)
)
(/usr/local/texlive/2016/texmf-dist/tex/latex/units/nicefrac.sty
Package: nicefrac 1998/08/04 v0.9b Nice fractions
\L@UnitsRaiseDisplaystyle=\skip63
\L@UnitsRaiseTextstyle=\skip64
\L@UnitsRaiseScriptstyle=\skip65
LaTeX Info: Redefining \nicefrac on input line 131.
))
(/usr/local/texlive/2016/texmf-dist/tex/latex/tools/verbatim.sty
Package: verbatim 2014/10/28 v1.5q LaTeX2e package for verbatim enhancements
\every@verbatim=\toks23
\verbatim@line=\toks24
\verbatim@in@stream=\read1
)
(/usr/local/texlive/2016/texmf-dist/tex/latex/tocloft/tocloft.sty
Package: tocloft 2013/05/02 v2.3f parameterised ToC, etc., typesetting
Package tocloft Info: The document has chapter divisions on input line 44.
\cftparskip=\skip66
\cftbeforetoctitleskip=\skip67
\cftaftertoctitleskip=\skip68
\cftbeforepartskip=\skip69
\cftpartnumwidth=\skip70
\cftpartindent=\skip71
\cftbeforechapskip=\skip72
\cftchapindent=\skip73
\cftchapnumwidth=\skip74
\cftbeforesecskip=\skip75
\cftsecindent=\skip76
\cftsecnumwidth=\skip77
\cftbeforesubsecskip=\skip78
\cftsubsecindent=\skip79
\cftsubsecnumwidth=\skip80
\cftbeforesubsubsecskip=\skip81
\cftsubsubsecindent=\skip82
\cftsubsubsecnumwidth=\skip83
\cftbeforeparaskip=\skip84
\cftparaindent=\skip85
\cftparanumwidth=\skip86
\cftbeforesubparaskip=\skip87
\cftsubparaindent=\skip88
\cftsubparanumwidth=\skip89
\cftbeforeloftitleskip=\skip90
\cftafterloftitleskip=\skip91
\cftbeforefigskip=\skip92
\cftfigindent=\skip93
\cftfignumwidth=\skip94
\c@lofdepth=\count127
\c@lotdepth=\count128
\cftbeforelottitleskip=\skip95
\cftafterlottitleskip=\skip96
\cftbeforetabskip=\skip97
\cfttabindent=\skip98
\cfttabnumwidth=\skip99
)
(/usr/local/texlive/2016/texmf-dist/tex/latex/ms/ragged2e.sty
Package: ragged2e 2009/05/21 v2.1 ragged2e Package (MS)

(/usr/local/texlive/2016/texmf-dist/tex/latex/ms/everysel.sty
Package: everysel 2011/10/28 v1.2 EverySelectfont Package (MS)
)
\CenteringLeftskip=\skip100
\RaggedLeftLeftskip=\skip101
\RaggedRightLeftskip=\skip102
\CenteringRightskip=\skip103
\RaggedLeftRightskip=\skip104
\RaggedRightRightskip=\skip105
\CenteringParfillskip=\skip106
\RaggedLeftParfillskip=\skip107
\RaggedRightParfillskip=\skip108
\JustifyingParfillskip=\skip109
\CenteringParindent=\skip110
\RaggedLeftParindent=\skip111
\RaggedRightParindent=\skip112
\JustifyingParindent=\skip113
)
(/usr/local/texlive/2016/texmf-dist/tex/xelatex/mathspec/mathspec.sty
Package: mathspec 2009/09/30 v0.2 LaTeX Package (Mathematics font selection for
 XeLaTeX)

(/usr/local/texlive/2016/texmf-dist/tex/latex/etoolbox/etoolbox.sty
Package: etoolbox 2015/08/02 v2.2a e-TeX tools for LaTeX (JAW)
\etb@tempcnta=\count129
)
(/usr/local/texlive/2016/texmf-dist/tex/latex/fontspec/fontspec.sty
(/usr/local/texlive/2016/texmf-dist/tex/latex/l3kernel/expl3.sty
Package: expl3 2016/05/18 v6512 L3 programming layer (loader) 

(/usr/local/texlive/2016/texmf-dist/tex/latex/l3kernel/expl3-code.tex
Package: expl3 2016/05/18 v6512 L3 programming layer (code)
L3 Module: l3bootstrap 2016/02/12 v6412 L3 Bootstrap code
L3 Module: l3names 2016/03/11 v6433 L3 Namespace for primitives
L3 Module: l3basics 2015/11/22 v6315 L3 Basic definitions
L3 Module: l3expan 2015/09/10 v5983 L3 Argument expansion
L3 Module: l3tl 2016/03/26 v6465 L3 Token lists
L3 Module: l3str 2016/03/24 v6441 L3 Strings
L3 Module: l3seq 2015/08/05 v5777 L3 Sequences and stacks
L3 Module: l3int 2016/03/24 v6441 L3 Integers
\c_max_int=\count130
\l_tmpa_int=\count131
\l_tmpb_int=\count132
\g_tmpa_int=\count133
\g_tmpb_int=\count134
L3 Module: l3quark 2015/08/17 v5855 L3 Quarks
L3 Module: l3prg 2015/11/01 v6216 L3 Control structures
\g__prg_map_int=\count135
L3 Module: l3clist 2015/09/02 v5901 L3 Comma separated lists
L3 Module: l3token 2016/04/03 v6470 L3 Experimental token manipulation
L3 Module: l3prop 2016/01/05 v6366 L3 Property lists
L3 Module: l3msg 2016/03/26 v6464 L3 Messages
L3 Module: l3file 2016/03/25 v6458 L3 File and I/O operations
\l_iow_line_count_int=\count136
\l__iow_target_count_int=\count137
\l__iow_current_line_int=\count138
\l__iow_current_word_int=\count139
\l__iow_current_indentation_int=\count140
L3 Module: l3skip 2016/01/05 v6366 L3 Dimensions and skips
\c_zero_dim=\dimen160
\c_max_dim=\dimen161
\l_tmpa_dim=\dimen162
\l_tmpb_dim=\dimen163
\g_tmpa_dim=\dimen164
\g_tmpb_dim=\dimen165
\c_zero_skip=\skip114
\c_max_skip=\skip115
\l_tmpa_skip=\skip116
\l_tmpb_skip=\skip117
\g_tmpa_skip=\skip118
\g_tmpb_skip=\skip119
\c_zero_muskip=\muskip12
\c_max_muskip=\muskip13
\l_tmpa_muskip=\muskip14
\l_tmpb_muskip=\muskip15
\g_tmpa_muskip=\muskip16
\g_tmpb_muskip=\muskip17
L3 Module: l3keys 2015/11/17 v6284 L3 Key-value interfaces
\g__keyval_level_int=\count141
\l_keys_choice_int=\count142
L3 Module: l3fp 2016/03/26 v6465 L3 Floating points
\c__fp_leading_shift_int=\count143
\c__fp_middle_shift_int=\count144
\c__fp_trailing_shift_int=\count145
\c__fp_big_leading_shift_int=\count146
\c__fp_big_middle_shift_int=\count147
\c__fp_big_trailing_shift_int=\count148
\c__fp_Bigg_leading_shift_int=\count149
\c__fp_Bigg_middle_shift_int=\count150
\c__fp_Bigg_trailing_shift_int=\count151
L3 Module: l3box 2015/08/09 v5822 L3 Experimental boxes
\c_empty_box=\box33
\l_tmpa_box=\box34
\l_tmpb_box=\box35
\g_tmpa_box=\box36
\g_tmpb_box=\box37
L3 Module: l3coffins 2016/05/17 v6508 L3 Coffin code layer
\l__coffin_internal_box=\box38
\l__coffin_internal_dim=\dimen166
\l__coffin_offset_x_dim=\dimen167
\l__coffin_offset_y_dim=\dimen168
\l__coffin_x_dim=\dimen169
\l__coffin_y_dim=\dimen170
\l__coffin_x_prime_dim=\dimen171
\l__coffin_y_prime_dim=\dimen172
\c_empty_coffin=\box39
\l__coffin_aligned_coffin=\box40
\l__coffin_aligned_internal_coffin=\box41
\l_tmpa_coffin=\box42
\l_tmpb_coffin=\box43
\l__coffin_display_coffin=\box44
\l__coffin_display_coord_coffin=\box45
\l__coffin_display_pole_coffin=\box46
\l__coffin_display_offset_dim=\dimen173
\l__coffin_display_x_dim=\dimen174
\l__coffin_display_y_dim=\dimen175
L3 Module: l3color 2014/08/23 v5354 L3 Experimental color support
L3 Module: l3sys 2015/09/25 v6087 L3 Experimental system/runtime functions
L3 Module: l3candidates 2016/05/13 v6484 L3 Experimental additions to l3kernel
\l__box_top_dim=\dimen176
\l__box_bottom_dim=\dimen177
\l__box_left_dim=\dimen178
\l__box_right_dim=\dimen179
\l__box_top_new_dim=\dimen180
\l__box_bottom_new_dim=\dimen181
\l__box_left_new_dim=\dimen182
\l__box_right_new_dim=\dimen183
\l__box_internal_box=\box47
\l__coffin_bounding_shift_dim=\dimen184
\l__coffin_left_corner_dim=\dimen185
\l__coffin_right_corner_dim=\dimen186
\l__coffin_bottom_corner_dim=\dimen187
\l__coffin_top_corner_dim=\dimen188
\l__coffin_scaled_total_height_dim=\dimen189
\l__coffin_scaled_width_dim=\dimen190
L3 Module: l3luatex 2016/03/26 v6465 L3 Experimental LuaTeX-specific functions
)
(/usr/local/texlive/2016/texmf-dist/tex/latex/l3kernel/l3xdvipdfmx.def
File: l3xdvidpfmx.def 2016/03/26 v6465 L3 Experimental driver: xdvipdfmx
\l__driver_tmp_box=\box48
))
(/usr/local/texlive/2016/texmf-dist/tex/latex/l3packages/xparse/xparse.sty
Package: xparse 2016/05/18 v6512 L3 Experimental document command parser
\l__xparse_current_arg_int=\count152
\l__xparse_m_args_int=\count153
\l__xparse_mandatory_args_int=\count154
\l__xparse_processor_int=\count155
\l__xparse_v_nesting_int=\count156
)
Package: fontspec 2016/02/01 v2.5a Font selection for XeLaTeX and LuaLaTeX

(/usr/local/texlive/2016/texmf-dist/tex/latex/fontspec/fontspec-xetex.sty
Package: fontspec-xetex 2016/02/01 v2.5a Font selection for XeLaTeX and LuaLaTe
X
\l_fontspec_script_int=\count157
\l_fontspec_language_int=\count158
\l_fontspec_strnum_int=\count159
\l__fontspec_tmpa_dim=\dimen191
\l__fontspec_tmpb_dim=\dimen192
\l__fontspec_tmpc_dim=\dimen193
\g__file_internal_ior=\read2

(/usr/local/texlive/2016/texmf-dist/tex/latex/base/fontenc.sty
Package: fontenc 2005/09/27 v1.99g Standard LaTeX package

(/usr/local/texlive/2016/texmf-dist/tex/latex/euenc/eu1enc.def
File: eu1enc.def 2010/05/27 v0.1h Experimental Unicode font encodings
)
LaTeX Font Info:    Try loading font information for EU1+lmr on input line 105.


(/usr/local/texlive/2016/texmf-dist/tex/latex/euenc/eu1lmr.fd
File: eu1lmr.fd 2009/10/30 v1.6 Font defs for Latin Modern
))
(/usr/local/texlive/2016/texmf-dist/tex/xelatex/xunicode/xunicode.sty
File: xunicode.sty 2011/09/09 v0.981 provides access to latin accents and many 
other characters in Unicode lower plane

(/usr/local/texlive/2016/texmf-dist/tex/latex/tipa/t3enc.def
File: t3enc.def 2001/12/31 T3 encoding
LaTeX Font Info:    Try loading font information for EU1+lmss on input line 357
.

(/usr/local/texlive/2016/texmf-dist/tex/latex/euenc/eu1lmss.fd
File: eu1lmss.fd 2009/10/30 v1.6 Font defs for Latin Modern
))
\tipaTiiicode=\count160
\tipasavetokens=\toks25
\tipachecktokens=\toks26
)
.................................................
. LaTeX info: "xparse/define-command"
. 
. Defining command \__fontspec_post_arg:w with sig. 'mmO{}' on line 353.
.................................................
.................................................
. LaTeX info: "xparse/define-command"
. 
. Defining command \fontspec with sig. 'om' on line 355.
.................................................
.................................................
. LaTeX info: "xparse/define-command"
. 
. Defining command \setmainfont with sig. 'om' on line 365.
.................................................
.................................................
. LaTeX info: "xparse/define-command"
. 
. Defining command \setsansfont with sig. 'om' on line 375.
.................................................
.................................................
. LaTeX info: "xparse/define-command"
. 
. Defining command \setmonofont with sig. 'om' on line 385.
.................................................
.................................................
. LaTeX info: "xparse/define-command"
. 
. Defining command \setmathrm with sig. 'om' on line 399.
.................................................
.................................................
. LaTeX info: "xparse/define-command"
. 
. Defining command \setboldmathrm with sig. 'om' on line 407.
.................................................
.................................................
. LaTeX info: "xparse/define-command"
. 
. Defining command \setmathsf with sig. 'om' on line 415.
.................................................
.................................................
. LaTeX info: "xparse/define-command"
. 
. Defining command \setmathtt with sig. 'om' on line 423.
.................................................
.................................................
. LaTeX info: "xparse/define-command"
. 
. Defining command \newfontfamily with sig. 'mom' on line 437.
.................................................
.................................................
. LaTeX info: "xparse/define-command"
. 
. Defining command \newfontface with sig. 'mom' on line 453.
.................................................
.................................................
. LaTeX info: "xparse/define-command"
. 
. Defining command \defaultfontfeatures with sig. 't+om' on line 467.
.................................................
.................................................
. LaTeX info: "xparse/define-command"
. 
. Defining command \addfontfeatures with sig. 'm' on line 529.
.................................................
.................................................
. LaTeX info: "xparse/define-command"
. 
. Defining command \newfontfeature with sig. 'mm' on line 540.
.................................................
.................................................
. LaTeX info: "xparse/define-command"
. 
. Defining command \newAATfeature with sig. 'mmmm' on line 548.
.................................................
.................................................
. LaTeX info: "xparse/define-command"
. 
. Defining command \newopentypefeature with sig. 'mmm' on line 556.
.................................................
.................................................
. LaTeX info: "xparse/define-command"
. 
. Defining command \aliasfontfeature with sig. 'mm' on line 577.
.................................................
.................................................
. LaTeX info: "xparse/define-command"
. 
. Defining command \aliasfontfeatureoption with sig. 'mmm' on line 586.
.................................................
.................................................
. LaTeX info: "xparse/define-command"
. 
. Defining command \newfontscript with sig. 'mm' on line 590.
.................................................
.................................................
. LaTeX info: "xparse/define-command"
. 
. Defining command \newfontlanguage with sig. 'mm' on line 594.
.................................................
.................................................
. LaTeX info: "xparse/define-command"
. 
. Defining command \DeclareFontsExtensions with sig. 'm' on line 599.
.................................................
\l__fontspec_tmp_int=\count161

(/usr/local/texlive/2016/texmf-dist/tex/latex/fontspec/fontspec.cfg)
LaTeX Info: Redefining \itshape on input line 2705.
LaTeX Info: Redefining \slshape on input line 2710.
LaTeX Info: Redefining \scshape on input line 2715.
LaTeX Info: Redefining \upshape on input line 2720.
\l__fontspec_em_int=\count162
\l__fontspec_emdef_int=\count163
LaTeX Info: Redefining \em on input line 2736.
LaTeX Info: Redefining \emph on input line 2742.
LaTeX Info: Redefining \- on input line 2746.
.................................................
. LaTeX info: "xparse/redefine-command"
. 
. Redefining command \oldstylenums with sig. 'm' on line 2841.
.................................................
.................................................
. LaTeX info: "xparse/define-command"
. 
. Defining command \liningnums with sig. 'm' on line 2845.
.................................................
))
(/usr/local/texlive/2016/texmf-dist/tex/latex/xkeyval/xkeyval.sty
Package: xkeyval 2014/12/03 v2.7a package option processing (HA)

(/usr/local/texlive/2016/texmf-dist/tex/generic/xkeyval/xkeyval.tex
(/usr/local/texlive/2016/texmf-dist/tex/generic/xkeyval/xkvutils.tex
\XKV@toks=\toks27
\XKV@tempa@toks=\toks28
)
\XKV@depth=\count164
File: xkeyval.tex 2014/12/03 v2.7a key=value parser (HA)
))
\c@eu@=\count165
\c@eu@i=\count166
\c@mkern=\count167
)
\g__fontspec_family_EBGaramond_int=\count168
.................................................
. fontspec info: "no-font-shape"
. 
. Could not resolve font EB Garamond/B (it probably doesn't exist).
.................................................
.................................................
. fontspec info: "defining-font"
. 
. Font family 'EBGaramond(0)' created for font 'EB Garamond' with options
. [Numbers={Proportional},SizeFeatures={{Size=-8, OpticalSize=8},{Size= 8-,
. OpticalSize=12}}].
. 
. This font family consists of the following NFSS series/shapes:
. - 'normal' (m/n) with NFSS spec.: <-8>"EB
. Garamond/OT/S=8:script=latn;language=DFLT;+pnum;"<8->"EB
. Garamond/OT/S=12:script=latn;language=DFLT;+pnum;"
. - 'small caps'  (m/sc) with NFSS spec.: <-8>"EB
. Garamond/OT/S=8:script=latn;language=DFLT;+pnum;+smcp;"<8->"EB
. Garamond/OT/S=12:script=latn;language=DFLT;+pnum;+smcp;"- 'italic' (m/it)
. with NFSS spec.: <->"EB Garamond/I/OT:script=latn;language=DFLT;+pnum;"
. - 'italic small caps'  (m/itsc) with NFSS spec.: <->"EB
. Garamond/I/OT:script=latn;language=DFLT;+pnum;+smcp;"- 'bold italic' (bx/it)
. with NFSS spec.: <->"EB Garamond/BI/OT:script=latn;language=DFLT;+pnum;"
. - 'bold italic small caps'  (bx/itsc) with NFSS spec.: <->"EB
. Garamond/BI/OT:script=latn;language=DFLT;+pnum;+smcp;"
.................................................
\symDigits:m:n=\mathgroup6
\symLatin:m:n=\mathgroup7
\symLatin:m:it=\mathgroup8
\symGreek:m:n=\mathgroup9
\symGreek:m:it=\mathgroup10
.................................................
. fontspec info: "no-font-shape"
. 
. Could not resolve font EB Garamond/B (it probably doesn't exist).
.................................................
.................................................
. fontspec info: "defining-font"
. 
. Font family 'EBGaramond(1)' created for font 'EB Garamond' with options [].
. 
. This font family consists of the following NFSS series/shapes:
. - 'normal' (m/n) with NFSS spec.: <->"EB
. Garamond/OT:script=latn;language=DFLT;"
. - 'small caps'  (m/sc) with NFSS spec.: <->"EB
. Garamond/OT:script=latn;language=DFLT;+smcp;"- 'italic' (m/it) with NFSS
. spec.: <->"EB Garamond/I/OT:script=latn;language=DFLT;"
. - 'italic small caps'  (m/itsc) with NFSS spec.: <->"EB
. Garamond/I/OT:script=latn;language=DFLT;+smcp;"- 'bold italic' (bx/it) with
. NFSS spec.: <->"EB Garamond/BI/OT:script=latn;language=DFLT;"
. - 'bold italic small caps'  (bx/itsc) with NFSS spec.: <->"EB
. Garamond/BI/OT:script=latn;language=DFLT;+smcp;"
.................................................
LaTeX Font Info:    Redeclaring math alphabet \mathrm on input line 90.
LaTeX Font Info:    Overwriting math alphabet `\mathrm' in version `bold'
(Font)                  EU1/EBGaramond(1)/m/n --> EU1/EBGaramond(1)/bx/n on inp
ut line 90.
LaTeX Font Info:    Redeclaring math alphabet \mathit on input line 90.
LaTeX Font Info:    Overwriting math alphabet `\mathit' in version `normal'
(Font)                  OT1/cmr/m/it --> EU1/EBGaramond(1)/m/it on input line 9
0.
LaTeX Font Info:    Overwriting math alphabet `\mathit' in version `bold'
(Font)                  OT1/cmr/bx/it --> EU1/EBGaramond(1)/m/it on input line 
90.
LaTeX Font Info:    Redeclaring math alphabet \mathbf on input line 90.
LaTeX Font Info:    Overwriting math alphabet `\mathbf' in version `normal'
(Font)                  OT1/cmr/bx/n --> EU1/EBGaramond(1)/bx/n on input line 9
0.
LaTeX Font Info:    Overwriting math alphabet `\mathbf' in version `bold'
(Font)                  OT1/cmr/bx/n --> EU1/EBGaramond(1)/bx/n on input line 9
0.
LaTeX Font Info:    Overwriting math alphabet `\mathit' in version `bold'
(Font)                  EU1/EBGaramond(1)/m/it --> EU1/EBGaramond(1)/bx/it on i
nput line 90.
\symOperators:m:n=\mathgroup11
.................................................
. fontspec info: "no-font-shape"
. 
. Could not resolve font EB Garamond/B (it probably doesn't exist).
.................................................
.................................................
. fontspec info: "defining-font"
. 
. Font family 'EBGaramond(2)' created for font 'EB Garamond' with options
. [Mapping=tex-text,RawFeature={+c2sc,+scmp}].
. 
. This font family consists of the following NFSS series/shapes:
. - 'normal' (m/n) with NFSS spec.: <->"EB
. Garamond/OT:script=latn;language=DFLT;mapping=tex-text;+c2sc,+scmp;"
. - 'small caps'  (m/sc) with NFSS spec.: <->"EB
. Garamond/OT:script=latn;language=DFLT;mapping=tex-text;+c2sc,+scmp;+smcp;"-
. 'italic' (m/it) with NFSS spec.: <->"EB
. Garamond/I/OT:script=latn;language=DFLT;mapping=tex-text;+c2sc,+scmp;"
. - 'italic small caps'  (m/itsc) with NFSS spec.: <->"EB
. Garamond/I/OT:script=latn;language=DFLT;mapping=tex-text;+c2sc,+scmp;+smcp;"-

. 'bold italic' (bx/it) with NFSS spec.: <->"EB
. Garamond/BI/OT:script=latn;language=DFLT;mapping=tex-text;+c2sc,+scmp;"
. - 'bold italic small caps'  (bx/itsc) with NFSS spec.: <->"EB
. Garamond/BI/OT:script=latn;language=DFLT;mapping=tex-text;+c2sc,+scmp;+smcp;"

.................................................
.................................................
. fontspec info: "no-font-shape"
. 
. Could not resolve font EB Garamond/B (it probably doesn't exist).
.................................................
.................................................
. fontspec info: "defining-font"
. 
. Font family 'EBGaramond(3)' created for font 'EB Garamond' with options
. [Mapping=tex-text,Ligatures=TeX,Numbers=OldStyle,Ligatures={Common,
. TeX},Scale=1.0].
. 
. This font family consists of the following NFSS series/shapes:
. - 'normal' (m/n) with NFSS spec.: <->s*[1.0]"EB
. Garamond/OT:script=latn;language=DFLT;mapping=tex-text;mapping=tex-text;+onum
;+liga;mapping=tex-text;"
. - 'small caps'  (m/sc) with NFSS spec.: <->s*[1.0]"EB
. Garamond/OT:script=latn;language=DFLT;mapping=tex-text;mapping=tex-text;+onum
;+liga;mapping=tex-text;+smcp;"-
. 'italic' (m/it) with NFSS spec.: <->s*[1.0]"EB
. Garamond/I/OT:script=latn;language=DFLT;mapping=tex-text;mapping=tex-text;+on
um;+liga;mapping=tex-text;"
. - 'italic small caps'  (m/itsc) with NFSS spec.: <->s*[1.0]"EB
. Garamond/I/OT:script=latn;language=DFLT;mapping=tex-text;mapping=tex-text;+on
um;+liga;mapping=tex-text;+smcp;"-
. 'bold italic' (bx/it) with NFSS spec.: <->s*[1.0]"EB
. Garamond/BI/OT:script=latn;language=DFLT;mapping=tex-text;mapping=tex-text;+o
num;+liga;mapping=tex-text;"
. - 'bold italic small caps'  (bx/itsc) with NFSS spec.: <->s*[1.0]"EB
. Garamond/BI/OT:script=latn;language=DFLT;mapping=tex-text;mapping=tex-text;+o
num;+liga;mapping=tex-text;+smcp;"
.................................................
LaTeX Font Info:    Font shape `EU1/EBGaramond(3)/m/n' will be
(Font)              scaled to size 12.0pt on input line 97.
.................................................
. fontspec info: "set-scale"
. 
. Lato Regular scale = 0.8094761101403867.
.................................................
\g__fontspec_family_LatoRegular_int=\count169
.................................................
. fontspec info: "set-scale"
. 
. Lato Regular scale = 0.8094761101403867.
.................................................
.................................................
. fontspec info: "set-scale"
. 
. Lato Bold scale = 0.7992192147531231.
.................................................
.................................................
. fontspec info: "set-scale"
. 
. Lato Regular/I scale = 0.8094761101403867.
.................................................
.................................................
. fontspec info: "set-scale"
. 
. Lato Bold/I scale = 0.7992192147531231.
.................................................
.................................................
. fontspec info: "defining-font"
. 
. Font family 'LatoRegular(0)' created for font 'Lato Regular' with options
. [Mapping=tex-text,Ligatures=TeX,Scale=MatchLowercase,BoldFont={Lato Bold}].
. 
. This font family consists of the following NFSS series/shapes:
. - 'normal' (m/n) with NFSS spec.: <->s*[0.8094761101403867]"Lato
. Regular/OT:script=latn;language=DFLT;mapping=tex-text;mapping=tex-text;"
. - 'small caps'  (m/sc) with NFSS spec.: - 'bold' (bx/n) with NFSS spec.:
. <->s*[0.7992192147531231]"Lato
. Bold/OT:script=latn;language=DFLT;mapping=tex-text;mapping=tex-text;"
. - 'bold small caps'  (bx/sc) with NFSS spec.: - 'italic' (m/it) with NFSS
. spec.: <->s*[0.8094761101403867]"Lato
. Regular/I/OT:script=latn;language=DFLT;mapping=tex-text;mapping=tex-text;"
. - 'italic small caps'  (m/itsc) with NFSS spec.: - 'bold italic' (bx/it)
. with NFSS spec.: <->s*[0.7992192147531231]"Lato
. Bold/I/OT:script=latn;language=DFLT;mapping=tex-text;mapping=tex-text;"
. - 'bold italic small caps'  (bx/itsc) with NFSS spec.: 
.................................................
.................................................
. fontspec info: "no-scripts"
. 
. Font Noto Mono does not contain any OpenType `Script' information.
.................................................
.................................................
. fontspec info: "set-scale"
. 
. Noto Mono scale = 0.7676029681686057.
.................................................
\g__fontspec_family_NotoMono_int=\count170
.................................................
. fontspec info: "no-font-shape"
. 
. Could not resolve font Noto Mono/BI (it probably doesn't exist).
.................................................
.................................................
. fontspec info: "no-font-shape"
. 
. Could not resolve font Noto Mono/B (it probably doesn't exist).
.................................................
.................................................
. fontspec info: "no-font-shape"
. 
. Could not resolve font Noto Mono/I (it probably doesn't exist).
.................................................
.................................................
. fontspec info: "set-scale"
. 
. Noto Mono scale = 0.7676029681686057.
.................................................
.................................................
. fontspec info: "defining-font"
. 
. Font family 'NotoMono(0)' created for font 'Noto Mono' with options
. [Mapping=tex-text,WordSpace={1,0,0},PunctuationSpace=WordSpace,Scale=MatchLow
ercase].
. 
. This font family consists of the following NFSS series/shapes:
. - 'normal' (m/n) with NFSS spec.: <->s*[0.7676029681686057]"Noto
. Mono/AAT:mapping=tex-text;"
. - 'small caps'  (m/sc) with NFSS spec.: 
. and font adjustment code:
. \fontdimen 2\font =1\fontdimen 2\font \fontdimen 3\font =0\fontdimen 3\font
. \fontdimen 4\font =0\fontdimen 4\font \fontdimen 7\font =0\fontdimen 2\font 
.................................................

(/usr/local/texlive/2016/texmf-dist/tex/latex/caption/caption.sty
Package: caption 2016/02/21 v3.3-144 Customizing captions (AR)

(/usr/local/texlive/2016/texmf-dist/tex/latex/caption/caption3.sty
Package: caption3 2016/02/04 v1.7-139 caption3 kernel (AR)
Package caption3 Info: TeX engine: e-TeX on input line 67.
\captionmargin=\dimen194
\captionmargin@=\dimen195
\captionwidth=\dimen196
\caption@tempdima=\dimen197
\caption@indent=\dimen198
\caption@parindent=\dimen199
\caption@hangindent=\dimen256
)
Package caption Info: We need package `newfloat' on input line 292.

(/usr/local/texlive/2016/texmf-dist/tex/latex/caption/newfloat.sty
Package: newfloat 2015/09/17 v1.1-109 Defining new floating environments (AR)
)
\c@ContinuedFloat=\count171
Package caption Info: hyperref package is loaded.
)
\mybibindent=\skip120
)
(./dissertation.aux (./chapters/introduction.aux) (./chapters/chapter1.aux)
(./chapters/chapter2.aux) (./chapters/conclusion.aux) (./endmatter/colophon.aux
))
\openout1 = `dissertation.aux'.

LaTeX Font Info:    Checking defaults for OML/cmm/m/it on input line 8.
LaTeX Font Info:    ... okay on input line 8.
LaTeX Font Info:    Checking defaults for T1/cmr/m/n on input line 8.
LaTeX Font Info:    ... okay on input line 8.
LaTeX Font Info:    Checking defaults for OT1/cmr/m/n on input line 8.
LaTeX Font Info:    ... okay on input line 8.
LaTeX Font Info:    Checking defaults for OMS/cmsy/m/n on input line 8.
LaTeX Font Info:    ... okay on input line 8.
LaTeX Font Info:    Checking defaults for OMX/cmex/m/n on input line 8.
LaTeX Font Info:    ... okay on input line 8.
LaTeX Font Info:    Checking defaults for U/cmr/m/n on input line 8.
LaTeX Font Info:    ... okay on input line 8.
LaTeX Font Info:    Checking defaults for PD1/pdf/m/n on input line 8.
LaTeX Font Info:    ... okay on input line 8.
LaTeX Font Info:    Checking defaults for PU/pdf/m/n on input line 8.
LaTeX Font Info:    ... okay on input line 8.
LaTeX Font Info:    Checking defaults for EU1/lmr/m/n on input line 8.
LaTeX Font Info:    ... okay on input line 8.
LaTeX Font Info:    Checking defaults for T3/cmr/m/n on input line 8.
LaTeX Font Info:    Try loading font information for T3+cmr on input line 8.
 (/usr/local/texlive/2016/texmf-dist/tex/latex/tipa/t3cmr.fd
File: t3cmr.fd 2001/12/31 TIPA font definitions
)
LaTeX Font Info:    ... okay on input line 8.
\AtBeginShipoutBox=\box49
Package hyperref Info: Link coloring ON on input line 8.

(/usr/local/texlive/2016/texmf-dist/tex/latex/hyperref/nameref.sty
Package: nameref 2012/10/27 v2.43 Cross-referencing by name of section

(/usr/local/texlive/2016/texmf-dist/tex/generic/oberdiek/gettitlestring.sty
Package: gettitlestring 2016/05/16 v1.5 Cleanup title references (HO)
)
\c@section@level=\count172
)
LaTeX Info: Redefining \ref on input line 8.
LaTeX Info: Redefining \pageref on input line 8.
LaTeX Info: Redefining \nameref on input line 8.

(./dissertation.out) (./dissertation.out)
\@outlinefile=\write3
\openout3 = `dissertation.out'.


*geometry* driver: auto-detecting
*geometry* detected driver: xetex
*geometry* verbose mode - [ preamble ] result:
* driver: xetex
* paper: letterpaper
* layout: <same size as paper>
* layoutoffset:(h,v)=(0.0pt,0.0pt)
* modes: 
* h-part:(L,W,R)=(99.37125pt, 415.55249pt, 99.37126pt)
* v-part:(T,H,B)=(95.39737pt, 556.47656pt, 143.09605pt)
* \paperwidth=614.295pt
* \paperheight=794.96999pt
* \textwidth=415.55249pt
* \textheight=556.47656pt
* \oddsidemargin=27.10126pt
* \evensidemargin=27.10126pt
* \topmargin=-11.74641pt
* \headheight=15.0pt
* \headsep=19.8738pt
* \topskip=12.0pt
* \footskip=30.0pt
* \marginparwidth=47.0pt
* \marginparsep=7.0pt
* \columnsep=10.0pt
* \skip\footins=10.8pt plus 4.0pt minus 2.0pt
* \hoffset=0.0pt
* \voffset=0.0pt
* \mag=1000
* \@twocolumnfalse
* \@twosidefalse
* \@mparswitchfalse
* \@reversemarginfalse
* (1in=72.27pt=25.4mm, 1cm=28.453pt)

ABD: EverySelectfont initializing macros
LaTeX Info: Redefining \selectfont on input line 8.
Package caption Info: Begin \AtBeginDocument code.
Package caption Info: End \AtBeginDocument code.
Package caption Info: We need package `ragged2e' on input line 8.
 (./frontmatter/personalize.tex)
LaTeX Font Info:    Font shape `EU1/EBGaramond(3)/m/n' will be
(Font)              scaled to size 24.88pt on input line 12.
LaTeX Font Info:    Font shape `EU1/EBGaramond(3)/m/n' will be
(Font)              scaled to size 17.28pt on input line 12.
LaTeX Font Info:    Font shape `EU1/EBGaramond(3)/m/sc' will be
(Font)              scaled to size 12.0pt on input line 12.

Overfull \hbox (12.0pt too wide) in paragraph at lines 12--13
[][] 
 []


Underfull \hbox (badness 10000) in paragraph at lines 12--13
 
 []

(/usr/local/texlive/2016/texmf-dist/tex/generic/oberdiek/se-ascii-print.def
File: se-ascii-print.def 2016/05/16 v1.11 stringenc: Printable ASCII characters

)
[1

]
LaTeX Font Info:    Font shape `EU1/EBGaramond(3)/m/sc' will be
(Font)              scaled to size 10.95pt on input line 13.
 [2]
LaTeX Font Info:    Try loading font information for T1+ppl on input line 14.
 (/usr/local/texlive/2016/texmf-dist/tex/latex/psnfss/t1ppl.fd
File: t1ppl.fd 2001/06/04 font definitions for T1/ppl.
)
(./frontmatter/abstract.tex [3

]
LaTeX Font Info:    Try loading font information for U+msa on input line 12.

(/usr/local/texlive/2016/texmf-dist/tex/latex/amsfonts/umsa.fd
File: umsa.fd 2013/01/14 v3.01 AMS symbols A
)
LaTeX Font Info:    Try loading font information for U+msb on input line 12.

(/usr/local/texlive/2016/texmf-dist/tex/latex/amsfonts/umsb.fd
File: umsb.fd 2013/01/14 v3.01 AMS symbols B
)
LaTeX Font Info:    Font shape `EU1/NotoMono(0)/m/n' will be
(Font)              scaled to size 9.2113pt on input line 12.


LaTeX Font Warning: Font shape `EU1/NotoMono(0)/m/it' undefined
(Font)              using `EU1/NotoMono(0)/m/n' instead on input line 12.

LaTeX Font Info:    Font shape `EU1/EBGaramond(3)/m/n' will be
(Font)              scaled to size 8.0pt on input line 12.
LaTeX Font Info:    Font shape `EU1/EBGaramond(3)/m/n' will be
(Font)              scaled to size 6.0pt on input line 12.
) [4] (./dissertation.toc

LaTeX Font Warning: Font shape `EU1/EBGaramond(3)/bx/n' undefined
(Font)              using `EU1/EBGaramond(3)/m/n' instead on input line 1.

LaTeX Font Info:    Font shape `EU1/EBGaramond(3)/bx/n' will be
(Font)              scaled to size 12.0pt on input line 1.
[5

] [6])
\tf@toc=\write4
\openout4 = `dissertation.toc'.

 [7] (./dissertation.lof
Overfull \hbox (18.64905pt too wide) in paragraph at lines 2--2
 [][] [][][]\EU1/EBGaramond(3)/bx/n/12 The Hubble Sequence: A classification sc
heme for galaxy morphologies (Photo 
 []


Overfull \hbox (12.20508pt too wide) in paragraph at lines 5--5
 [][] [][][]\EU1/EBGaramond(3)/bx/n/12 The SSFR measurements and environment sh
own the color-color space. Each 
 []


Overfull \hbox (4.381pt too wide) in paragraph at lines 5--5
 \EU1/EBGaramond(3)/bx/n/12 point in the plot is shown at the mean colors in ea
ch of the bins we use. The 
 []


Overfull \hbox (14.621pt too wide) in paragraph at lines 5--5
 \EU1/EBGaramond(3)/bx/n/12 grey value or color of the points in each panel sho
w the mean value in each bin 
 []


Overfull \hbox (6.65305pt too wide) in paragraph at lines 6--6
 [][] [][][]\EU1/EBGaramond(3)/bx/n/12 The Ultraviolet and MAGPHYS SSFR’s plott
ed against each other as a func- 
 []


Overfull \hbox (21.34102pt too wide) in paragraph at lines 6--6
 \EU1/EBGaramond(3)/bx/n/12 tion of the environment; We notice two distinct set
 of outliers that seem to have 
 []


Overfull \hbox (2.64507pt too wide) in paragraph at lines 6--6
 \EU1/EBGaramond(3)/bx/n/12 lower UV SSFR’s but similar environments to the gal
axy bins with the same 
 []


Overfull \hbox (1.76904pt too wide) in paragraph at lines 7--7
 [][] [][][]\EU1/EBGaramond(3)/bx/n/12 The outliers shown as a function of the 
Star Formation Rates as well as Op- 
 []

[8

]
Overfull \hbox (11.40508pt too wide) in paragraph at lines 10--10
 [][] [][][]\EU1/EBGaramond(3)/bx/n/12 PLACEHOLDER FIG; TBD: A figure showing D
4000 and Hdelta breaks in 
 []


Overfull \hbox (39.66504pt too wide) in paragraph at lines 11--11
 [][] [][][]\EU1/EBGaramond(3)/bx/n/12 SFR’s, stellar masses, ages and Mass-to-
light ratios as a function of H$[][]$ and $[][][][][][]$ 
 []


Overfull \hbox (7.96242pt too wide) in paragraph at lines 12--12
 [][] [][][]\EU1/EBGaramond(3)/bx/n/12 The Kauffmann et al. (2003) grid to infe
r M/L ratios from the $[][][] \OMS/cmsy/m/n/12 ^^@ [][][][][][]$ 
 []


Overfull \hbox (25.75797pt too wide) in paragraph at lines 14--14
 [][] [][][]\EU1/EBGaramond(3)/bx/n/12 The mean offset and dispersion in the $[
][][][][][]$ index measured at $[] \OT1/cmr/m/n/12 = []\OML/cmm/m/it/12 :[][]; 
[]:[][]$ 
 []


Overfull \hbox (8.28194pt too wide) in paragraph at lines 15--15
 [][] [][][]\EU1/EBGaramond(3)/bx/n/12 The mean offset and dispersion in the $[
][][]$ index measured at $[] \OT1/cmr/m/n/12 = []\OML/cmm/m/it/12 :[][]; []:[][
]$ 
 []

LaTeX Font Info:    Font shape `EU1/EBGaramond(3)/m/it' will be
(Font)              scaled to size 12.0pt on input line 16.

Overfull \hbox (9.88104pt too wide) in paragraph at lines 16--16
 \EU1/EBGaramond(3)/bx/n/12 aperture measurements, represented as a vector whos
e projections on the axes 
 []


Overfull \hbox (9.50104pt too wide) in paragraph at lines 16--16
 \EU1/EBGaramond(3)/bx/n/12 are the actual offsets in either direction. \EU1/EB
Garamond(3)/m/it/12 Right: \EU1/EBGaramond(3)/bx/n/12 The offsets transformed t
o the 
 []


Overfull \hbox (7.14503pt too wide) in paragraph at lines 17--17
 \EU1/EBGaramond(3)/bx/n/12 aperture measurements represented as a vector whose
 projections on the axes 
 []


Overfull \hbox (9.50104pt too wide) in paragraph at lines 17--17
 \EU1/EBGaramond(3)/bx/n/12 are the actual offsets in either direction. \EU1/EB
Garamond(3)/m/it/12 Right: \EU1/EBGaramond(3)/bx/n/12 The offsets transformed t
o the 
 []


Overfull \hbox (7.14503pt too wide) in paragraph at lines 20--20
 \EU1/EBGaramond(3)/bx/n/12 aperture measurements represented as a vector whose
 projections on the axes 
 []


Overfull \hbox (9.50104pt too wide) in paragraph at lines 20--20
 \EU1/EBGaramond(3)/bx/n/12 are the actual offsets in either direction. \EU1/EB
Garamond(3)/m/it/12 Right: \EU1/EBGaramond(3)/bx/n/12 The offsets transformed t
o the 
 []

)
\tf@lof=\write5
\openout5 = `dissertation.lof'.

 [9] [10] (./frontmatter/dedication.tex) [4] (./frontmatter/thanks.tex)
[5

]
\openout2 = `chapters/introduction.aux'.

 (./chapters/introduction.tex
LaTeX Font Info:    Font shape `EU1/EBGaramond(3)/m/n' will be
(Font)              scaled to size 10.0pt on input line 1.
LaTeX Font Info:    Font shape `EU1/EBGaramond(3)/m/sl' in size <10> not availa
ble
(Font)              Font shape `EU1/EBGaramond(3)/m/it' tried instead on input 
line 1.
LaTeX Font Info:    Font shape `EU1/EBGaramond(3)/m/it' will be
(Font)              scaled to size 10.0pt on input line 1.

Underfull \hbox (badness 10000) in paragraph at lines 3--6
[]\EU1/EBGaramond(3)/m/it/10 ... As for me, nothing in the universe can be the 
same
 []


Underfull \hbox (badness 10000) in paragraph at lines 3--6
\EU1/EBGaramond(3)/m/it/10 if somewhere, no one knows where, a sheep we never
 []


Underfull \hbox (badness 10000) in paragraph at lines 3--6
\EU1/EBGaramond(3)/m/it/10 saw has or has not eaten a rose.... Look up at the s
ky.
 []


Underfull \hbox (badness 10000) in paragraph at lines 3--6
\EU1/EBGaramond(3)/m/it/10 Ask yourself, “Has the sheep eaten the flower or not
?”
 []


Underfull \hbox (badness 10000) in paragraph at lines 3--6
\EU1/EBGaramond(3)/m/it/10 And you’ll see how everything changes.... And no gro
wn-
 []


Underfull \hbox (badness 10000) in paragraph at lines 3--6
\EU1/EBGaramond(3)/m/it/10 up will ever understand how such a thing could be so

 []

Chapter 0.
[6


] [7] [8] [9]
Overfull \hbox (11.01944pt too wide) in paragraph at lines 36--36
\EU1/EBGaramond(3)/bx/n/12 posed. Eventually the cold dark matter theories won 
out as their prediction of the anisotropies 
 []

[10] [11] [12]
File: figures/hubble.jpeg Graphic file (type QTm)
 <use  "figures/hubble.jpeg" >
LaTeX Font Info:    Font shape `EU1/LatoRegular(0)/bx/n' will be
(Font)              scaled to size 9.5907pt on input line 67.
LaTeX Font Info:    Font shape `EU1/LatoRegular(0)/bx/n' will be
(Font)              scaled to size 7.99225pt on input line 67.
LaTeX Font Info:    Font shape `EU1/LatoRegular(0)/m/n' will be
(Font)              scaled to size 9.71375pt on input line 67.
LaTeX Font Info:    Font shape `EU1/LatoRegular(0)/m/n' will be
(Font)              scaled to size 8.09479pt on input line 67.
 [13] [14] [15] [16] [17] [18]
[19] [20] [21] [22]
Overfull \hbox (0.67941pt too wide) in paragraph at lines 319--326
\EU1/EBGaramond(3)/bx/n/12 The galaxy spectrum contains an imprint of its Star 
Formation History (SFH), stellar metal- 
 []

[23] [24] [25]

Package hyperref Warning: Token not allowed in a PDF string (Unicode):
(hyperref)                removing `math shift' on input line 388.


Package hyperref Warning: Token not allowed in a PDF string (Unicode):
(hyperref)                removing `subscript' on input line 388.


Package hyperref Warning: Token not allowed in a PDF string (Unicode):
(hyperref)                removing `math shift' on input line 388.

[26] [27] [28] [29]
Overfull \hbox (2.67145pt too wide) in paragraph at lines 532--547
\EU1/EBGaramond(3)/bx/n/12 Redshift surveys in astronomy have their origins in 
the early 20th century when astronomers 
 []

[30]
Overfull \hbox (0.67946pt too wide) in paragraph at lines 570--580
[]\EU1/EBGaramond(3)/bx/n/12 The spectroscopic SDSS Legacy Survey operated for 
eight years and covered 8,000 square 
 []

[31] [32] [33]

Package natbib Warning: Citation `blanton_physical_2019-1' on page 34 undefined
 on input line 685.

[34]) [35] [36]
\openout2 = `chapters/chapter1.aux'.

 (./chapters/chapter1.tex
Chapter 1.
[37



]

Package natbib Warning: Citation `york00a' on page 38 undefined on input line 8
.


Package natbib Warning: Citation `martin05a' on page 38 undefined on input line
 8.

[38] [39]
Overfull \hbox (6.96745pt too wide) in paragraph at lines 16--16
|[]\EU1/EBGaramond(3)/m/sc/12 Constructing a local sample spanning Ultraviolet 
to Infrared Imaging| 
 []

File: figures/sample.png Graphic file (type QTm)
<use  "figures/sample.png" > [40] [41] [42] [43]
Overfull \hbox (27.27144pt too wide) in paragraph at lines 124--135
\EU1/EBGaramond(3)/bx/n/12 optical color whereas, as discussed above, the SSFR$
[]$’s do not. Assuming the SSFR$[]$’s 
 []

[44]
File: figures/1_panel_plot.pdf Graphic file (type QTm)
 <use  "figures/1_panel_plot.pdf" >
LaTeX Font Info:    Font shape `EU1/LatoRegular(0)/m/it' will be
(Font)              scaled to size 8.09479pt on input line 170.
 [45] [46] [47]
File: figures/2_env_plot.pdf Graphic file (type QTm)

<use  "figures/2_env_plot.pdf" >

LaTeX Warning: Command \textsubscript invalid in math mode on input line 236.

[48] [49]
File: figures/3_outliers.pdf Graphic file (type QTm)
 <use  "figures/3_outliers.pdf" > [50]
File: figures/4_jk_plot.pdf Graphic file (type QTm)

<use  "figures/4_jk_plot.pdf" > [51]) [52]
\openout2 = `chapters/chapter2.aux'.

 (./chapters/chapter2.tex
Chapter 2.
[53



] [54] [55]

Package natbib Warning: Citation `strauss02a' on page 56 undefined on input lin
e 24.

[56] [57] [58] [59] [60]

LaTeX Font Warning: Font shape `EU1/NotoMono(0)/m/sc' undefined
(Font)              using `EU1/NotoMono(0)/m/n' instead on input line 141.

LaTeX Font Info:    Font shape `EU1/NotoMono(0)/m/sc' will be
(Font)              scaled to size 9.2113pt on input line 141.
LaTeX Font Info:    Font shape `EU1/EBGaramond(3)/m/sc' will be
(Font)              scaled to size 8.0pt on input line 141.
LaTeX Font Info:    Font shape `EU1/EBGaramond(3)/m/sc' will be
(Font)              scaled to size 6.0pt on input line 141.

Package hyperref Warning: Token not allowed in a PDF string (Unicode):
(hyperref)                removing `math shift' on input line 141.


Package hyperref Warning: Token not allowed in a PDF string (Unicode):
(hyperref)                removing `subscript' on input line 141.


Package hyperref Warning: Token not allowed in a PDF string (Unicode):
(hyperref)                removing `subscript' on input line 141.


Package hyperref Warning: Token not allowed in a PDF string (Unicode):
(hyperref)                removing `math shift' on input line 141.


Package hyperref Warning: Token not allowed in a PDF string (Unicode):
(hyperref)                removing `math shift' on input line 146.


Package hyperref Warning: Token not allowed in a PDF string (Unicode):
(hyperref)                removing `subscript' on input line 146.


Package hyperref Warning: Token not allowed in a PDF string (Unicode):
(hyperref)                removing `math shift' on input line 146.

[61]
File: figures/spectra_placeholder.png Graphic file (type QTm)
 <use  "figures/spectra_placeholder.png" >
File: figures/mass_age_sfr_dist.pdf Graphic file (type QTm)

<use  "figures/mass_age_sfr_dist.pdf" >
LaTeX Font Info:    Font shape `EU1/NotoMono(0)/m/n' will be
(Font)              scaled to size 7.67609pt on input line 202.
LaTeX Font Info:    Font shape `EU1/NotoMono(0)/m/it' will be
(Font)              scaled to size 7.67609pt on input line 202.
LaTeX Font Info:    Font shape `EU1/LatoRegular(0)/m/n' will be
(Font)              scaled to size 5.66635pt on input line 202.
LaTeX Font Info:    Font shape `EU1/LatoRegular(0)/m/n' will be
(Font)              scaled to size 4.0474pt on input line 202.


LaTeX Warning: Float too large for page by 59.29243pt on input line 203.


Package hyperref Warning: Token not allowed in a PDF string (Unicode):
(hyperref)                removing `math shift' on input line 206.


Package hyperref Warning: Token not allowed in a PDF string (Unicode):
(hyperref)                removing `math shift' on input line 206.

[62] [63] [64]

Package hyperref Warning: Token not allowed in a PDF string (Unicode):
(hyperref)                removing `math shift' on input line 259.


Package hyperref Warning: Token not allowed in a PDF string (Unicode):
(hyperref)                removing `subscript' on input line 259.


Package hyperref Warning: Token not allowed in a PDF string (Unicode):
(hyperref)                removing `math shift' on input line 259.


Package hyperref Warning: Token not allowed in a PDF string (Unicode):
(hyperref)                removing `math shift' on input line 259.


Package hyperref Warning: Token not allowed in a PDF string (Unicode):
(hyperref)                removing `subscript' on input line 259.


Package hyperref Warning: Token not allowed in a PDF string (Unicode):
(hyperref)                removing `math shift' on input line 259.

[65]
Overfull \hbox (7.56738pt too wide) in paragraph at lines 293--316
[]\EU1/EBGaramond(3)/bx/n/12 This library of models thus enables the constructi
on of a “model grid” in the H$[][]$-$[][][][][][]$ 
 []

File: figures/hd_d4000_mlratio_coarser_binning.pdf Graphic file (type QTm)
<use  "figures/hd_d4000_mlratio_coarser_binning.pdf" > [66] [67] [68] [69]
[70]
File: figures/full_aperture_comparisons.pdf Graphic file (type QTm)
 <use  "figures/full_aperture_comparisons.pdf" > [71] [72]
File: figures/dn4000_full_aperture_comparisons.pdf Graphic file (type QTm)

<use  "figures/dn4000_full_aperture_comparisons.pdf" > [73] [74]
File: figures/hdelta_full_aperture_comparisons.pdf Graphic file (type QTm)

<use  "figures/hdelta_full_aperture_comparisons.pdf" >

Package hyperref Warning: Token not allowed in a PDF string (Unicode):
(hyperref)                removing `math shift' on input line 617.


Package hyperref Warning: Token not allowed in a PDF string (Unicode):
(hyperref)                removing `subscript' on input line 617.


Package hyperref Warning: Token not allowed in a PDF string (Unicode):
(hyperref)                removing `math shift' on input line 617.


Package hyperref Warning: Token not allowed in a PDF string (Unicode):
(hyperref)                removing `math shift' on input line 617.


Package hyperref Warning: Token not allowed in a PDF string (Unicode):
(hyperref)                removing `subscript' on input line 617.


Package hyperref Warning: Token not allowed in a PDF string (Unicode):
(hyperref)                removing `math shift' on input line 617.

[75] [76]
File: figures/mlz_offset_a.pdf Graphic file (type QTm)
 <use  "figures/mlz_offset_a.pdf" >
File: figures/mlz_offset_b.pdf Graphic file (type QTm)

<use  "figures/mlz_offset_b.pdf" >
File: figures/table.pdf Graphic file (type QTm)
 <use  "figures/table.pdf" >
File: figures/table_median.pdf Graphic file (type QTm)

<use  "figures/table_median.pdf" >
File: figures/mlz_offset_c.pdf Graphic file (type QTm)
 <use  "figures/mlz_offset_c.pdf" > [77]
[78] [79]) [80]
\openout2 = `chapters/conclusion.aux'.

 (./chapters/conclusion.tex
Chapter 3.
) [81



] (./dissertation.bbl [82



] [83] [84] [85] [86] [87] [88] [89]
Missing character: There is no ^^89 in font EB Garamond 12 Regular/OT:script=la
tn;language=DFLT;mapping=tex-text;mapping=tex-text;+onum;+liga;mapping=tex-text
;!
Missing character: There is no ^^83 in font EB Garamond 12 Regular/OT:script=la
tn;language=DFLT;mapping=tex-text;mapping=tex-text;+onum;+liga;mapping=tex-text
;!
 [90]
[91] [92] [93] [94] [95] [96] [97] [98] [99]) [100]
\openout2 = `endmatter/colophon.aux'.

 (./endmatter/colophon.tex)

Package natbib Warning: There were undefined citations.

Package atveryend Info: Empty hook `BeforeClearDocument' on input line 43.
Package atveryend Info: Empty hook `AfterLastShipout' on input line 43.
(./dissertation.aux (./chapters/introduction.aux) (./chapters/chapter1.aux)
(./chapters/chapter2.aux) (./chapters/conclusion.aux) (./endmatter/colophon.aux
))
Package atveryend Info: Empty hook `AtVeryEndDocument' on input line 43.
Package atveryend Info: Empty hook `AtEndAfterFileList' on input line 43.


LaTeX Font Warning: Some font shapes were not available, defaults substituted.

Package atveryend Info: Empty hook `AtVeryVeryEnd' on input line 43.
 ) 
Here is how much of TeX's memory you used:
 25889 strings out of 493591
 460511 string characters out of 6143546
 517140 words of memory out of 5000000
 28908 multiletter control sequences out of 15000+600000
 12504 words of font info for 103 fonts, out of 8000000 for 9000
 1347 hyphenation exceptions out of 8191
 60i,9n,107p,10404b,697s stack positions out of 5000i,500n,10000p,200000b,80000s

Output written on dissertation.pdf (107 pages).
