\BOOKMARK [0][-]{section*.1}{Abstract}{}% 1
\BOOKMARK [0][-]{section*.5}{Dedication}{}% 2
\BOOKMARK [0][-]{section*.6}{Acknowledgments}{}% 3
\BOOKMARK [0][-]{chapter.0}{Introduction}{}% 4
\BOOKMARK [1][-]{section.0.1}{The\040Study\040of\040Galaxies}{chapter.0}% 5
\BOOKMARK [1][-]{section.0.2}{Introduction\040to\040Survey\040Astronomy}{chapter.0}% 6
\BOOKMARK [1][-]{section.0.3}{Questions\040in\040Galaxy\040Evolution}{chapter.0}% 7
\BOOKMARK [1][-]{section.0.4}{Star\040Formation\040in\040Galaxies}{chapter.0}% 8
\BOOKMARK [1][-]{section.0.5}{Star\040Formation\040in\040the\040Local\040Universe:\040NASA\040Sloan\040Atlas\040and\040MaNGA}{chapter.0}% 9
\BOOKMARK [0][-]{chapter.1}{UV\040to\040IR\040Star\040Formation\040Indicators\040and\040Environments}{}% 10
\BOOKMARK [1][-]{section.1.1}{Introduction}{chapter.1}% 11
\BOOKMARK [1][-]{section.1.2}{Constructing\040a\040local\040sample\040spanning\040Ultraviolet\040to\040Infrared\040Imaging}{chapter.1}% 12
\BOOKMARK [1][-]{section.1.3}{Estimating\040the\040Specific\040Star\040Formation\040Rates}{chapter.1}% 13
\BOOKMARK [1][-]{section.1.4}{Environments}{chapter.1}% 14
\BOOKMARK [1][-]{section.1.5}{The\040Environments\040of\040the\040Outliers}{chapter.1}% 15
\BOOKMARK [1][-]{section.1.6}{Summary\040and\040Conclusion}{chapter.1}% 16
\BOOKMARK [0][-]{chapter.2}{Aperture\040effects\040in\040Stellar\040Mass\040Estimates}{}% 17
\BOOKMARK [1][-]{section.2.1}{Introduction}{chapter.2}% 18
\BOOKMARK [1][-]{section.2.2}{The H"δA-Dn4000 plane}{chapter.2}% 19
\BOOKMARK [1][-]{section.2.3}{Manga\040Overview}{chapter.2}% 20
\BOOKMARK [1][-]{section.2.4}{Data}{chapter.2}% 21
\BOOKMARK [1][-]{section.2.5}{Methods}{chapter.2}% 22
\BOOKMARK [1][-]{section.2.6}{Results}{chapter.2}% 23
\BOOKMARK [0][-]{chapter.3}{Conclusion}{}% 24
\BOOKMARK [0][-]{Appendix.1.A}{Appendix\040Some\040extra\040stuff}{}% 25
\BOOKMARK [0][-]{chapter*.17}{References}{}% 26
